2022-03-20 00:08:42.373  INFO 116326 --- [main] lavalink.server.Launcher                 : 

[32m       .  [31m _                  _ _       _    [32m__ _ _
[32m      /\\ [31m| | __ ___   ____ _| (_)_ __ | | __[32m\ \ \ \
[32m     ( ( )[31m| |/ _` \ \ / / _` | | | '_ \| |/ /[32m \ \ \ \
[32m      \\/ [31m| | (_| |\ V / (_| | | | | | |   < [32m  ) ) ) )
[32m       '  [31m|_|\__,_| \_/ \__,_|_|_|_| |_|_|\_\[32m / / / /
[0m    =========================================[32m/_/_/_/[0m

	Version:        3.4
	Build:          1257
	Build time:     26.10.2021 14:18:37 UTC
	Branch          master
	Commit:         a364833
	Commit time:    26.10.2021 14:15:20 UTC
	JVM:            11.0.13
	Lavaplayer      1.3.96-original

2022-03-20 00:08:42.488  INFO 116326 --- [main] lavalink.server.Launcher                 : Starting Launcher on binoy638-Linux with PID 116326 (/media/binoy638/Projects/Projects/typescript/udility-v2/Lavalink.jar started by binoy638 in /media/binoy638/Projects/Projects/typescript/udility-v2)
2022-03-20 00:08:42.489  INFO 116326 --- [main] lavalink.server.Launcher                 : No active profile set, falling back to default profiles: default
2022-03-20 00:08:42.569  WARN 116326 --- [background-preinit] o.s.h.c.j.Jackson2ObjectMapperBuilder    : For Jackson Kotlin classes support please add "com.fasterxml.jackson.module:jackson-module-kotlin" to the classpath
2022-03-20 00:08:43.293  WARN 116326 --- [main] io.undertow.websockets.jsr               : UT026010: Buffer pool was not set on WebSocketDeploymentInfo, the default pool will be used
2022-03-20 00:08:43.311  INFO 116326 --- [main] io.undertow.servlet                      : Initializing Spring embedded WebApplicationContext
2022-03-20 00:08:43.312  INFO 116326 --- [main] o.s.web.context.ContextLoader            : Root WebApplicationContext: initialization completed in 787 ms
2022-03-20 00:08:43.566  WARN 116326 --- [main] l.server.config.SentryConfiguration      : Turning off sentry
2022-03-20 00:08:43.846  INFO 116326 --- [main] c.s.d.l.tools.GarbageCollectionMonitor   : GC monitoring enabled, reporting results every 2 minutes.
2022-03-20 00:08:43.990  INFO 116326 --- [main] lavalink.server.config.KoeConfiguration  : OS: Linux, Arch: amd64
2022-03-20 00:08:43.991  INFO 116326 --- [main] lavalink.server.config.KoeConfiguration  : Enabling JDA-NAS
2022-03-20 00:08:43.993  INFO 116326 --- [main] c.s.l.c.natives.NativeLibraryLoader      : Native library udpqueue: loading with filter null
2022-03-20 00:08:43.996  INFO 116326 --- [main] c.s.l.c.natives.NativeLibraryLoader      : Native library udpqueue: successfully loaded.
2022-03-20 00:08:44.124  INFO 116326 --- [main] o.s.s.concurrent.ThreadPoolTaskExecutor  : Initializing ExecutorService 'applicationTaskExecutor'
2022-03-20 00:08:44.324  INFO 116326 --- [main] org.xnio                                 : XNIO version 3.3.8.Final
2022-03-20 00:08:44.331  INFO 116326 --- [main] org.xnio.nio                             : XNIO NIO Implementation Version 3.3.8.Final
2022-03-20 00:08:44.382  INFO 116326 --- [main] o.s.b.w.e.u.UndertowServletWebServer     : Undertow started on port(s) 2333 (http) with context path ''
2022-03-20 00:08:44.386  INFO 116326 --- [main] lavalink.server.Launcher                 : Started Launcher in 2.781 seconds (JVM running for 3.573)
2022-03-20 00:08:44.387  INFO 116326 --- [main] lavalink.server.Launcher                 : You can safely ignore the big red warning about illegal reflection. See https://github.com/freyacodes/Lavalink/issues/295
2022-03-20 00:09:35.487  INFO 116326 --- [Thread-1] o.s.s.concurrent.ThreadPoolTaskExecutor  : Shutting down ExecutorService 'applicationTaskExecutor'
2022-03-20 00:09:35.488  INFO 116326 --- [Thread-1] c.s.d.l.tools.GarbageCollectionMonitor   : GC monitoring disabled.
